mode: set
github.com/arjantop/saola/redisservice/client.go:36.35,38.23 2 1
github.com/arjantop/saola/redisservice/client.go:52.2,54.15 3 1
github.com/arjantop/saola/redisservice/client.go:38.23,40.22 2 1
github.com/arjantop/saola/redisservice/client.go:44.3,50.4 1 1
github.com/arjantop/saola/redisservice/client.go:40.22,42.4 1 1
github.com/arjantop/saola/redisservice/client.go:57.30,59.2 1 0
github.com/arjantop/saola/redisservice/client.go:61.29,66.2 1 1
github.com/arjantop/saola/redisservice/client.go:76.59,79.2 2 1
github.com/arjantop/saola/redisservice/client.go:85.54,87.25 2 1
github.com/arjantop/saola/redisservice/client.go:96.2,96.12 1 0
github.com/arjantop/saola/redisservice/client.go:88.2,91.13 3 1
github.com/arjantop/saola/redisservice/client.go:92.2,94.13 2 0
github.com/arjantop/saola/redisservice/client.go:99.38,101.2 1 0
github.com/arjantop/saola/redisservice/client.go:116.100,125.2 3 1
github.com/arjantop/saola/redisservice/client.go:127.87,136.2 3 0
github.com/arjantop/saola/redisservice/client.go:138.36,140.2 1 1
