mode: set
github.com/arjantop/cuirass/num/rollingnumber.go:31.102,40.2 1 1
github.com/arjantop/cuirass/num/rollingnumber.go:47.86,49.35 2 1
github.com/arjantop/cuirass/num/rollingnumber.go:53.2,53.19 1 1
github.com/arjantop/cuirass/num/rollingnumber.go:49.35,52.3 1 1
github.com/arjantop/cuirass/num/rollingnumber.go:57.52,61.2 3 1
github.com/arjantop/cuirass/num/rollingnumber.go:64.37,68.2 3 1
github.com/arjantop/cuirass/num/rollingnumber.go:71.37,78.2 4 1
github.com/arjantop/cuirass/num/rollingnumber.go:81.33,87.30 6 1
github.com/arjantop/cuirass/num/rollingnumber.go:87.30,89.3 1 1
github.com/arjantop/cuirass/num/rollingnumber.go:94.49,98.23 4 1
github.com/arjantop/cuirass/num/rollingnumber.go:114.2,114.24 1 1
github.com/arjantop/cuirass/num/rollingnumber.go:98.23,102.50 2 1
github.com/arjantop/cuirass/num/rollingnumber.go:105.3,109.31 4 1
github.com/arjantop/cuirass/num/rollingnumber.go:112.3,112.22 1 1
github.com/arjantop/cuirass/num/rollingnumber.go:102.50,104.4 1 1
github.com/arjantop/cuirass/num/rollingnumber.go:109.31,111.4 1 1
github.com/arjantop/cuirass/num/rollingpercentile.go:21.110,30.2 1 1
github.com/arjantop/cuirass/num/rollingpercentile.go:32.56,36.2 3 1
github.com/arjantop/cuirass/num/rollingpercentile.go:38.40,40.2 1 1
github.com/arjantop/cuirass/num/rollingpercentile.go:43.67,50.23 6 1
github.com/arjantop/cuirass/num/rollingpercentile.go:58.2,58.36 1 1
github.com/arjantop/cuirass/num/rollingpercentile.go:50.23,52.56 2 1
github.com/arjantop/cuirass/num/rollingpercentile.go:55.3,56.28 2 1
github.com/arjantop/cuirass/num/rollingpercentile.go:52.56,54.4 1 1
github.com/arjantop/cuirass/num/rollingpercentile.go:61.57,67.30 5 1
github.com/arjantop/cuirass/num/rollingpercentile.go:73.2,74.48 2 1
github.com/arjantop/cuirass/num/rollingpercentile.go:67.30,69.32 1 1
github.com/arjantop/cuirass/num/rollingpercentile.go:69.32,71.4 1 1
github.com/arjantop/cuirass/num/rollingpercentile.go:78.40,85.30 6 1
github.com/arjantop/cuirass/num/rollingpercentile.go:91.2,91.16 1 1
github.com/arjantop/cuirass/num/rollingpercentile.go:94.2,94.25 1 1
github.com/arjantop/cuirass/num/rollingpercentile.go:85.30,86.32 1 1
github.com/arjantop/cuirass/num/rollingpercentile.go:86.32,89.4 2 1
github.com/arjantop/cuirass/num/rollingpercentile.go:91.16,93.3 1 1
github.com/arjantop/cuirass/num/rollingpercentile.go:98.55,99.22 1 1
github.com/arjantop/cuirass/num/rollingpercentile.go:102.2,102.12 1 1
github.com/arjantop/cuirass/num/rollingpercentile.go:107.2,110.30 4 1
github.com/arjantop/cuirass/num/rollingpercentile.go:99.22,101.3 1 1
github.com/arjantop/cuirass/num/rollingpercentile.go:102.12,104.3 1 1
github.com/arjantop/cuirass/num/rollingpercentile.go:104.3,104.21 1 1
github.com/arjantop/cuirass/num/rollingpercentile.go:104.21,106.3 1 1
github.com/arjantop/cuirass/num/rollingpercentile.go:110.30,112.3 1 1
github.com/arjantop/cuirass/num/rollingpercentile.go:112.3,112.34 1 1
github.com/arjantop/cuirass/num/rollingpercentile.go:112.34,114.3 1 1
github.com/arjantop/cuirass/num/rollingpercentile.go:114.3,116.3 1 1
github.com/arjantop/cuirass/num/rollingpercentile.go:119.27,120.13 1 0
github.com/arjantop/cuirass/num/rollingpercentile.go:125.2,125.15 1 0
github.com/arjantop/cuirass/num/rollingpercentile.go:120.13,122.3 1 0
github.com/arjantop/cuirass/num/rollingpercentile.go:122.3,124.3 1 0
github.com/arjantop/cuirass/num/rollingpercentile.go:132.39,134.2 1 1
github.com/arjantop/cuirass/num/rollingpercentile.go:136.43,138.2 1 1
github.com/arjantop/cuirass/num/rollingpercentile.go:140.36,142.2 1 1
