mode: set
github.com/arjantop/vaquita/dynamicproperty.go:24.55,30.86 2 1
github.com/arjantop/vaquita/dynamicproperty.go:30.86,32.4 1 1
github.com/arjantop/vaquita/dynamicproperty.go:33.87,34.19 1 1
github.com/arjantop/vaquita/dynamicproperty.go:34.19,36.5 1 1
github.com/arjantop/vaquita/dynamicproperty.go:36.5,36.27 1 1
github.com/arjantop/vaquita/dynamicproperty.go:36.27,38.5 1 1
github.com/arjantop/vaquita/dynamicproperty.go:38.5,40.5 1 1
github.com/arjantop/vaquita/dynamicproperty.go:42.82,45.4 2 1
github.com/arjantop/vaquita/dynamicproperty.go:49.41,51.2 1 1
github.com/arjantop/vaquita/dynamicproperty.go:53.55,55.2 1 1
github.com/arjantop/vaquita/dynamicproperty.go:57.57,60.2 2 1
github.com/arjantop/vaquita/dynamicproperty.go:62.67,64.2 1 1
github.com/arjantop/vaquita/dynamicproperty.go:66.53,69.2 2 1
github.com/arjantop/vaquita/dynamicproperty.go:71.61,73.2 1 1
github.com/arjantop/vaquita/dynamicproperty.go:75.51,78.2 2 1
github.com/arjantop/vaquita/dynamicproperty.go:80.58,82.2 1 1
github.com/arjantop/vaquita/dynamicproperty.go:84.46,85.37 1 1
github.com/arjantop/vaquita/dynamicproperty.go:85.37,86.28 1 1
github.com/arjantop/vaquita/dynamicproperty.go:90.3,91.28 2 1
github.com/arjantop/vaquita/dynamicproperty.go:86.28,89.4 1 1
github.com/arjantop/vaquita/dynamicproperty.go:95.35,96.37 1 1
github.com/arjantop/vaquita/dynamicproperty.go:96.37,99.3 2 1
github.com/arjantop/vaquita/dynamicproperty.go:102.51,106.2 3 1
github.com/arjantop/vaquita/dynamicproperty.go:118.114,126.2 1 1
github.com/arjantop/vaquita/dynamicproperty.go:128.55,131.15 3 1
github.com/arjantop/vaquita/dynamicproperty.go:139.2,139.29 1 1
github.com/arjantop/vaquita/dynamicproperty.go:131.15,132.41 1 1
github.com/arjantop/vaquita/dynamicproperty.go:132.41,135.4 2 1
github.com/arjantop/vaquita/dynamicproperty.go:135.4,137.4 1 1
github.com/arjantop/vaquita/dynamicproperty.go:142.70,144.16 2 1
github.com/arjantop/vaquita/dynamicproperty.go:147.2,147.10 1 1
github.com/arjantop/vaquita/dynamicproperty.go:144.16,146.3 1 1
github.com/arjantop/vaquita/dynamicproperty.go:150.34,156.2 5 1
github.com/arjantop/vaquita/dynamicproperty.go:164.38,168.2 1 1
github.com/arjantop/vaquita/dynamicproperty.go:170.52,175.21 5 1
github.com/arjantop/vaquita/dynamicproperty.go:175.21,177.3 1 1
github.com/arjantop/vaquita/dynamicproperty.go:180.52,184.2 3 1
github.com/arjantop/vaquita/dynamicproperty.go:186.38,190.2 3 1
github.com/arjantop/vaquita/dynamicstringproperty.go:8.95,13.2 1 1
github.com/arjantop/vaquita/dynamicstringproperty.go:15.47,17.2 1 1
github.com/arjantop/vaquita/dynamicstringproperty.go:19.46,21.2 1 1
github.com/arjantop/vaquita/dynamicstringproperty.go:23.49,26.2 2 1
github.com/arjantop/vaquita/dynamicstringproperty.go:33.100,38.2 1 1
github.com/arjantop/vaquita/dynamicstringproperty.go:40.47,41.23 1 1
github.com/arjantop/vaquita/dynamicstringproperty.go:41.23,43.3 1 1
github.com/arjantop/vaquita/dynamicstringproperty.go:43.3,45.3 1 1
github.com/arjantop/vaquita/dynamicstringproperty.go:48.46,49.23 1 1
github.com/arjantop/vaquita/dynamicstringproperty.go:49.23,51.3 1 1
github.com/arjantop/vaquita/dynamicstringproperty.go:51.3,53.3 1 1
github.com/arjantop/vaquita/dynamicstringproperty.go:56.49,57.23 1 1
github.com/arjantop/vaquita/dynamicstringproperty.go:57.23,59.3 1 1
github.com/arjantop/vaquita/dynamicstringproperty.go:59.3,61.3 1 1
github.com/arjantop/vaquita/eventhandler.go:11.38,17.2 1 1
github.com/arjantop/vaquita/eventhandler.go:19.47,22.34 3 1
github.com/arjantop/vaquita/eventhandler.go:22.34,24.3 1 1
github.com/arjantop/vaquita/eventhandler.go:27.59,35.2 6 1
github.com/arjantop/vaquita/eventhandler.go:37.58,40.36 3 1
github.com/arjantop/vaquita/eventhandler.go:43.2,44.12 2 1
github.com/arjantop/vaquita/eventhandler.go:40.36,42.3 1 1
github.com/arjantop/vaquita/layeredconfig.go:13.40,24.2 5 1
github.com/arjantop/vaquita/layeredconfig.go:26.54,28.25 2 1
github.com/arjantop/vaquita/layeredconfig.go:28.25,30.3 1 1
github.com/arjantop/vaquita/layeredconfig.go:33.66,38.36 5 1
github.com/arjantop/vaquita/layeredconfig.go:41.2,42.19 2 1
github.com/arjantop/vaquita/layeredconfig.go:49.2,49.10 1 1
github.com/arjantop/vaquita/layeredconfig.go:38.36,40.3 1 1
github.com/arjantop/vaquita/layeredconfig.go:43.2,44.43 1 1
github.com/arjantop/vaquita/layeredconfig.go:44.43,47.4 2 1
github.com/arjantop/vaquita/layeredconfig.go:52.83,53.35 1 1
github.com/arjantop/vaquita/layeredconfig.go:58.2,58.22 1 1
github.com/arjantop/vaquita/layeredconfig.go:53.35,54.38 1 1
github.com/arjantop/vaquita/layeredconfig.go:54.38,56.4 1 1
github.com/arjantop/vaquita/layeredconfig.go:61.59,62.35 1 1
github.com/arjantop/vaquita/layeredconfig.go:67.2,67.22 1 0
github.com/arjantop/vaquita/layeredconfig.go:62.35,63.35 1 1
github.com/arjantop/vaquita/layeredconfig.go:63.35,65.4 1 1
github.com/arjantop/vaquita/layeredconfig.go:70.64,72.2 1 1
github.com/arjantop/vaquita/layeredconfig.go:74.55,77.35 3 1
github.com/arjantop/vaquita/layeredconfig.go:82.2,82.14 1 1
github.com/arjantop/vaquita/layeredconfig.go:77.35,78.28 1 1
github.com/arjantop/vaquita/layeredconfig.go:78.28,80.4 1 1
github.com/arjantop/vaquita/layeredconfig.go:85.65,89.2 3 1
github.com/arjantop/vaquita/layeredconfig.go:91.65,92.35 1 1
github.com/arjantop/vaquita/layeredconfig.go:97.2,97.18 1 1
github.com/arjantop/vaquita/layeredconfig.go:92.35,93.41 1 1
github.com/arjantop/vaquita/layeredconfig.go:93.41,95.4 1 1
github.com/arjantop/vaquita/layeredconfig.go:100.53,102.2 1 1
github.com/arjantop/vaquita/layeredconfig.go:104.53,108.2 3 1
github.com/arjantop/vaquita/layeredconfig.go:110.72,114.2 3 1
github.com/arjantop/vaquita/layeredconfig.go:116.72,117.33 1 1
github.com/arjantop/vaquita/layeredconfig.go:120.2,122.14 3 1
github.com/arjantop/vaquita/layeredconfig.go:117.33,119.3 1 1
github.com/arjantop/vaquita/layeredconfig.go:125.48,127.2 1 1
github.com/arjantop/vaquita/layeredconfig.go:129.88,134.2 4 1
github.com/arjantop/vaquita/mapconfig.go:13.37,19.2 1 1
github.com/arjantop/vaquita/mapconfig.go:21.56,24.27 2 1
github.com/arjantop/vaquita/mapconfig.go:27.2,27.12 1 1
github.com/arjantop/vaquita/mapconfig.go:24.27,26.3 1 1
github.com/arjantop/vaquita/mapconfig.go:30.53,33.13 3 1
github.com/arjantop/vaquita/mapconfig.go:38.2,38.49 1 1
github.com/arjantop/vaquita/mapconfig.go:33.13,35.3 1 1
github.com/arjantop/vaquita/mapconfig.go:35.3,37.3 1 1
github.com/arjantop/vaquita/mapconfig.go:41.58,47.2 5 1
github.com/arjantop/vaquita/mapconfig.go:49.51,53.2 3 1
github.com/arjantop/vaquita/mapconfig.go:55.51,58.2 2 1
github.com/arjantop/vaquita/mapconfig.go:60.61,65.2 4 1
github.com/arjantop/vaquita/mapconfig.go:67.49,69.13 2 1
github.com/arjantop/vaquita/mapconfig.go:69.13,71.3 1 1
github.com/arjantop/vaquita/mapconfig.go:74.54,80.2 5 1
github.com/arjantop/vaquita/observable.go:19.82,26.2 1 1
github.com/arjantop/vaquita/observable.go:28.39,30.2 1 1
github.com/arjantop/vaquita/observable.go:32.37,34.2 1 1
github.com/arjantop/vaquita/observable.go:36.37,38.2 1 1
github.com/arjantop/vaquita/observable.go:40.38,42.2 1 1
github.com/arjantop/vaquita/observable.go:51.61,56.2 1 1
github.com/arjantop/vaquita/config.go:17.53,21.2 3 1
github.com/arjantop/vaquita/dynamicdurationproperty.go:11.126,17.2 1 1
github.com/arjantop/vaquita/dynamicdurationproperty.go:19.49,21.2 1 1
github.com/arjantop/vaquita/dynamicdurationproperty.go:23.55,25.2 1 1
github.com/arjantop/vaquita/dynamicdurationproperty.go:27.51,30.2 2 1
github.com/arjantop/vaquita/dynamicdurationproperty.go:37.126,42.2 1 1
github.com/arjantop/vaquita/dynamicdurationproperty.go:44.49,45.23 1 1
github.com/arjantop/vaquita/dynamicdurationproperty.go:45.23,47.3 1 1
github.com/arjantop/vaquita/dynamicdurationproperty.go:47.3,49.3 1 1
github.com/arjantop/vaquita/dynamicdurationproperty.go:52.55,53.23 1 1
github.com/arjantop/vaquita/dynamicdurationproperty.go:53.23,55.3 1 1
github.com/arjantop/vaquita/dynamicdurationproperty.go:55.3,57.3 1 1
github.com/arjantop/vaquita/dynamicdurationproperty.go:60.51,61.23 1 1
github.com/arjantop/vaquita/dynamicdurationproperty.go:61.23,63.3 1 1
github.com/arjantop/vaquita/dynamicdurationproperty.go:63.3,65.3 1 1
github.com/arjantop/vaquita/dynamicintproperty.go:8.86,13.2 1 1
github.com/arjantop/vaquita/dynamicintproperty.go:15.44,17.2 1 1
github.com/arjantop/vaquita/dynamicintproperty.go:19.40,21.2 1 1
github.com/arjantop/vaquita/dynamicintproperty.go:23.46,26.2 2 1
github.com/arjantop/vaquita/dynamicintproperty.go:33.91,38.2 1 1
github.com/arjantop/vaquita/dynamicintproperty.go:40.44,41.23 1 1
github.com/arjantop/vaquita/dynamicintproperty.go:41.23,43.3 1 1
github.com/arjantop/vaquita/dynamicintproperty.go:43.3,45.3 1 1
github.com/arjantop/vaquita/dynamicintproperty.go:48.40,49.23 1 1
github.com/arjantop/vaquita/dynamicintproperty.go:49.23,51.3 1 1
github.com/arjantop/vaquita/dynamicintproperty.go:51.3,53.3 1 1
github.com/arjantop/vaquita/dynamicintproperty.go:56.46,57.23 1 1
github.com/arjantop/vaquita/dynamicintproperty.go:57.23,59.3 1 1
github.com/arjantop/vaquita/dynamicintproperty.go:59.3,61.3 1 1
github.com/arjantop/vaquita/propertyfactory.go:14.63,22.2 3 1
github.com/arjantop/vaquita/propertyfactory.go:24.56,27.41 3 1
github.com/arjantop/vaquita/propertyfactory.go:27.41,28.35 1 1
github.com/arjantop/vaquita/propertyfactory.go:28.35,30.4 1 1
github.com/arjantop/vaquita/propertyfactory.go:30.4,32.4 1 1
github.com/arjantop/vaquita/propertyfactory.go:36.87,39.2 2 1
github.com/arjantop/vaquita/propertyfactory.go:41.88,44.2 2 1
github.com/arjantop/vaquita/propertyfactory.go:46.85,49.2 2 1
github.com/arjantop/vaquita/propertyfactory.go:51.125,54.2 2 1
github.com/arjantop/vaquita/propertyfactory.go:56.69,60.9 4 1
github.com/arjantop/vaquita/propertyfactory.go:67.2,67.10 1 1
github.com/arjantop/vaquita/propertyfactory.go:60.9,62.46 2 1
github.com/arjantop/vaquita/propertyfactory.go:65.3,65.25 1 1
github.com/arjantop/vaquita/propertyfactory.go:62.46,64.4 1 1
github.com/arjantop/vaquita/dynamicboolproperty.go:8.89,13.2 1 1
github.com/arjantop/vaquita/dynamicboolproperty.go:15.45,17.2 1 1
github.com/arjantop/vaquita/dynamicboolproperty.go:19.42,21.2 1 1
github.com/arjantop/vaquita/dynamicboolproperty.go:23.47,26.2 2 1
github.com/arjantop/vaquita/dynamicboolproperty.go:33.94,38.2 1 1
github.com/arjantop/vaquita/dynamicboolproperty.go:40.45,41.23 1 1
github.com/arjantop/vaquita/dynamicboolproperty.go:41.23,43.3 1 1
github.com/arjantop/vaquita/dynamicboolproperty.go:43.3,45.3 1 1
github.com/arjantop/vaquita/dynamicboolproperty.go:48.42,49.23 1 1
github.com/arjantop/vaquita/dynamicboolproperty.go:49.23,51.3 1 1
github.com/arjantop/vaquita/dynamicboolproperty.go:51.3,53.3 1 1
github.com/arjantop/vaquita/dynamicboolproperty.go:56.47,57.23 1 1
github.com/arjantop/vaquita/dynamicboolproperty.go:57.23,59.3 1 1
github.com/arjantop/vaquita/dynamicboolproperty.go:59.3,61.3 1 1
